BICKELL WAS ERE!!!!
BICKELL WAS ERE!!!!
BICKELL WAS ERE AGAIN!!!!
BICKELL WAS ERE AGAIN!!!!
BICKELL WAS ERE AGAIN!!!!
BICKELL WAS ERE AGAIN!!!!
BICKELL WAS ERE AGAIN!!!!
BICKELL WAS ERE AGAIN!!!!
BICKELL WAS ERE AGAIN!!!!
BICKELL WAS ERE AGAIN!!!!
BICKELL WAS ERE AGAIN!!!!
BICKELL WAS ERE AGAIN!!!!
BICKELL WAS ERE AGAIN!!!!
BICKELL WAS ERE AGAIN!!!!
BICKELL WAS ERE AGAIN!!!!
BICKELL WAS ERE AGAIN!!!!
BICKELL WAS ERE AGAIN!!!!
BICKELL WAS ERE AGAIN!!!!
BICKELL WAS ERE AGAIN!!!!
BICKELL WAS ERE AGAIN!!!!
BICKELL WAS ERE AGAIN!!!!
BICKELL WAS ERE AGAIN!!!!
BICKELL WAS ERE AGAIN!!!!
BICKELL WAS ERE AGAIN!!!!
BICKELL WAS ERE AGAIN!!!!
BICKELL WAS ERE AGAIN!!!!
BICKELL WAS ERE AGAIN!!!!
BICKELL WAS ERE AGAIN!!!!
BICKELL WAS ERE AGAIN!!!!
BICKELL WAS ERE AGAIN!!!!
BICKELL WAS ERE AGAIN!!!!
BICKELL WAS ERE AGAIN!!!!
BICKELL WAS ERE AGAIN!!!!
BICKELL WAS ERE AGAIN!!!!
BICKELL WAS ERE AGAIN!!!!
BICKELL WAS ERE AGAIN!!!!
BICKELL WAS ERE AGAIN!!!!
BICKELL WAS ERE AGAIN!!!!
BICKELL WAS ERE AGAIN!!!!
BICKELL WAS ERE AGAIN!!!!
BICKELL WAS ERE AGAIN!!!!
BICKELL WAS ERE AGAIN!!!!
BICKELL WAS ERE AGAIN!!!!
BICKELL WAS ERE AGAIN!!!!
BICKELL WAS ERE AGAIN!!!!
BICKELL WAS ERE AGAIN!!!!
BICKELL WAS ERE AGAIN!!!!
BICKELL WAS ERE AGAIN!!!!
BICKELL WAS ERE AGAIN!!!!
BICKELL WAS ERE AGAIN!!!!
BICKELL WAS ERE AGAIN!!!!
BICKELL WAS ERE AGAIN!!!!
BICKELL WAS ERE AGAIN!!!!
BICKELL WAS ERE AGAIN!!!!
BICKELL WAS ERE AGAIN!!!!
BICKELL WAS ERE AGAIN!!!!
BICKELL WAS ERE AGAIN!!!!
BICKELL WAS ERE AGAIN!!!!
BICKELL WAS ERE AGAIN!!!!
BICKELL WAS ERE AGAIN!!!!
BICKELL WAS ERE AGAIN!!!!
BICKELL WAS ERE AGAIN!!!!
BICKELL WAS ERE AGAIN!!!!
BICKELL WAS ERE AGAIN!!!!
BICKELL WAS ERE AGAIN!!!!
BICKELL WAS ERE AGAIN!!!!
BICKELL WAS ERE AGAIN!!!!
BICKELL WAS ERE AGAIN!!!!
BICKELL WAS ERE AGAIN!!!!
BICKELL WAS ERE AGAIN!!!!
BICKELL WAS ERE AGAIN!!!!
BICKELL WAS ERE AGAIN!!!!
BICKELL WAS ERE AGAIN!!!!
BICKELL WAS ERE AGAIN!!!!
BICKELL WAS ERE AGAIN!!!!
BICKELL WAS ERE AGAIN!!!!
BICKELL WAS ERE AGAIN!!!!
BICKELL WAS ERE AGAIN!!!!
BICKELL WAS ERE AGAIN!!!!
BICKELL WAS ERE AGAIN!!!!
BICKELL WAS ERE AGAIN!!!!
BICKELL WAS ERE AGAIN!!!!
BICKELL WAS ERE AGAIN!!!!
BICKELL WAS ERE AGAIN!!!!
BICKELL WAS ERE AGAIN!!!!
BICKELL WAS ERE AGAIN!!!!
BICKELL WAS ERE AGAIN!!!!
BICKELL WAS ERE AGAIN!!!!
BICKELL WAS ERE AGAIN!!!!
BICKELL WAS ERE AGAIN!!!!
BICKELL WAS ERE AGAIN!!!!
BICKELL WAS ERE AGAIN!!!!
BICKELL WAS ERE AGAIN!!!!
BICKELL WAS ERE AGAIN!!!!
BICKELL WAS ERE AGAIN!!!!
BICKELL WAS ERE AGAIN!!!!
BICKELL WAS ERE AGAIN!!!!
BICKELL WAS ERE AGAIN!!!!
BICKELL WAS ERE AGAIN!!!!
BICKELL WAS ERE AGAIN!!!!
BICKELL WAS ERE AGAIN!!!!
BICKELL WAS ERE AGAIN!!!!
BICKELL WAS ERE AGAIN!!!!
BICKELL WAS ERE AGAIN!!!!
BICKELL WAS ERE AGAIN!!!!
BICKELL WAS ERE AGAIN!!!!
BICKELL WAS ERE AGAIN!!!!
BICKELL WAS ERE AGAIN!!!!
BICKELL WAS ERE AGAIN!!!!
BICKELL WAS ERE AGAIN!!!!
BICKELL WAS ERE AGAIN!!!!
BICKELL WAS ERE AGAIN!!!!
BICKELL WAS ERE AGAIN!!!!
BICKELL WAS ERE AGAIN!!!!
BICKELL WAS ERE AGAIN!!!!
BICKELL WAS ERE AGAIN!!!!
BICKELL WAS ERE AGAIN!!!!
BICKELL WAS ERE AGAIN!!!!
BICKELL WAS ERE AGAIN!!!!
Starting application.......
model initialized
view initialized
Making a word square request of 4 and approved letters eeeeddoonnnsssrv. Single search: false
The next search will return all possible word squares
Search results received: 425
Make word square request: false
Application started
The next search will return all possible word squares
Starting application.......
model initialized
view initialized
Making a word square request of 4 and approved letters eeeeddoonnnsssrv. Single search: false
The next search will return all possible word squares
Search results received: 425
Make word square request: false
Application started
Starting application.......
model initialized
view initialized
Making a word square request of 4 and approved letters aaccdeeeemmnnnoo. Single search: false
The next search will return all possible word squares
Search results received: 143
Make word square request: true
An error occurred: The number of word square letters supplied does not match the specified number of words squared, which is 16
Making a word square request of 4 and approved letters aaccdeeeemmnnnoo. Single search: true
The next search will return one word square, the first in the result list
Search results received: 1
Make word square request: false
Application started
